Build started 12/12/2013 9:37:37 PM.
     1>Project "Z:\Programming III\Assignment 3\Source\Windows\Windows Game\GAM-1514 Windows Game.vcxproj" on node 2 (build target(s)).
     1>InitializeBuildStatus:
         Creating "Z:\Programming III\Assignment 3\Source\Windows\\Build Files\Debug\GAM-1514 Windows Game.unsuccessfulbuild" because "AlwaysCreate" was specified.
       ClCompile:
         C:\Program Files (x86)\Microsoft Visual Studio 10.0\VC\bin\CL.exe /c /ZI /nologo /W3 /WX- /Od /Oy- /D WIN32 /D _DEBUG /D _WINDOWS /D _USE_MATH_DEFINES /Gm /EHsc /RTC1 /MDd /GS /fp:precise /Zc:wchar_t /Zc:forScope /Fo"Z:\Programming III\Assignment 3\Source\Windows\\Build Files\Debug\\" /Fd"Z:\Programming III\Assignment 3\Source\Windows\\Build Files\Debug\vc100.pdb" /Gd /TP /analyze- /errorReport:prompt ..\..\Common\Menus\Menu.cpp
         Menu.cpp
     1>z:\programming iii\assignment 3\source\common\opengl\openglcolor.h(67): warning C4305: 'argument' : truncation from 'double' to 'float'
     1>z:\programming iii\assignment 3\source\common\opengl\openglcolor.h(67): warning C4305: 'argument' : truncation from 'double' to 'float'
     1>z:\programming iii\assignment 3\source\common\opengl\openglcolor.h(67): warning C4305: 'argument' : truncation from 'double' to 'float'
     1>z:\programming iii\assignment 3\source\common\menus\menu.cpp(78): warning C4018: '<' : signed/unsigned mismatch
     1>z:\programming iii\assignment 3\source\common\menus\menu.cpp(86): warning C4018: '<' : signed/unsigned mismatch
     1>z:\programming iii\assignment 3\source\common\menus\menu.cpp(94): warning C4018: '<' : signed/unsigned mismatch
     1>z:\programming iii\assignment 3\source\common\menus\menu.cpp(129): warning C4018: '>=' : signed/unsigned mismatch
     1>z:\programming iii\assignment 3\source\common\menus\menu.cpp(140): warning C4018: '<' : signed/unsigned mismatch
     1>z:\programming iii\assignment 3\source\common\menus\menu.cpp(191): warning C4018: '<' : signed/unsigned mismatch
     1>z:\programming iii\assignment 3\source\common\menus\menu.cpp(208): warning C4018: '<' : signed/unsigned mismatch
     1>z:\programming iii\assignment 3\source\common\menus\menu.cpp(220): warning C4018: '<' : signed/unsigned mismatch
         All outputs are up-to-date.
       ManifestResourceCompile:
         All outputs are up-to-date.
       Link:
         C:\Program Files (x86)\Microsoft Visual Studio 10.0\VC\bin\link.exe /ERRORREPORT:PROMPT /OUT:"Z:\Programming III\Assignment 3\Source\Windows\\Application\GAM-1514 Windows Game.exe" /INCREMENTAL /NOLOGO /LIBPATH:..\Dependencies\DevIL\lib opengl32.lib kernel32.lib user32.lib gdi32.lib winspool.lib comdlg32.lib advapi32.lib shell32.lib ole32.lib oleaut32.lib uuid.lib odbc32.lib odbccp32.lib /MANIFEST /ManifestFile:"Z:\Programming III\Assignment 3\Source\Windows\\Build Files\Debug\GAM-1514 Windows Game.exe.intermediate.manifest" /MANIFESTUAC:"level='asInvoker' uiAccess='false'" /DEBUG /PDB:"Z:\Programming III\Assignment 3\Source\Windows\Application\GAM-1514 Windows Game.pdb" /SUBSYSTEM:WINDOWS /TLBID:1 /DYNAMICBASE /NXCOMPAT /IMPLIB:"Z:\Programming III\Assignment 3\Source\Windows\\Application\GAM-1514 Windows Game.lib" /MACHINE:X86 "Z:\Programming III\Assignment 3\Source\Windows\\Build Files\Debug\GAM-1514 Windows Game.exe.embed.manifest.res"
         "Z:\Programming III\Assignment 3\Source\Windows\\Build Files\Debug\GameConstants.obj"
         "Z:\Programming III\Assignment 3\Source\Windows\\Build Files\Debug\LevelConstants.obj"
         "Z:\Programming III\Assignment 3\Source\Windows\\Build Files\Debug\MenuConstants.obj"
         "Z:\Programming III\Assignment 3\Source\Windows\\Build Files\Debug\ResourceConstants.obj"
         "Z:\Programming III\Assignment 3\Source\Windows\\Build Files\Debug\Enemy.obj"
         "Z:\Programming III\Assignment 3\Source\Windows\\Build Files\Debug\Game.obj"
         "Z:\Programming III\Assignment 3\Source\Windows\\Build Files\Debug\GameObject.obj"
         "Z:\Programming III\Assignment 3\Source\Windows\\Build Files\Debug\Hero.obj"
         "Z:\Programming III\Assignment 3\Source\Windows\\Build Files\Debug\Level.obj"
         "Z:\Programming III\Assignment 3\Source\Windows\\Build Files\Debug\PathFinder.obj"
         "Z:\Programming III\Assignment 3\Source\Windows\\Build Files\Debug\PathNode.obj"
         "Z:\Programming III\Assignment 3\Source\Windows\\Build Files\Debug\AmmoPickup.obj"
         "Z:\Programming III\Assignment 3\Source\Windows\\Build Files\Debug\GoldPickup.obj"
         "Z:\Programming III\Assignment 3\Source\Windows\\Build Files\Debug\Pickup.obj"
         "Z:\Programming III\Assignment 3\Source\Windows\\Build Files\Debug\Player.obj"
         "Z:\Programming III\Assignment 3\Source\Windows\\Build Files\Debug\Projectile.obj"
         "Z:\Programming III\Assignment 3\Source\Windows\\Build Files\Debug\EndPoint.obj"
         "Z:\Programming III\Assignment 3\Source\Windows\\Build Files\Debug\GroundTile.obj"
         "Z:\Programming III\Assignment 3\Source\Windows\\Build Files\Debug\IceTile.obj"
         "Z:\Programming III\Assignment 3\Source\Windows\\Build Files\Debug\RockTile.obj"
         "Z:\Programming III\Assignment 3\Source\Windows\\Build Files\Debug\SnowTile.obj"
         "Z:\Programming III\Assignment 3\Source\Windows\\Build Files\Debug\SpawnPoint.obj"
         "Z:\Programming III\Assignment 3\Source\Windows\\Build Files\Debug\Tile.obj"
         "Z:\Programming III\Assignment 3\Source\Windows\\Build Files\Debug\TreeTile.obj"
         "Z:\Programming III\Assignment 3\Source\Windows\\Build Files\Debug\WaterTile.obj"
         "Z:\Programming III\Assignment 3\Source\Windows\\Build Files\Debug\InputConstants.obj"
         "Z:\Programming III\Assignment 3\Source\Windows\\Build Files\Debug\InputEvent.obj"
         "Z:\Programming III\Assignment 3\Source\Windows\\Build Files\Debug\InputListener.obj"
         "Z:\Programming III\Assignment 3\Source\Windows\\Build Files\Debug\InputManager.obj"
         "Z:\Programming III\Assignment 3\Source\Windows\\Build Files\Debug\KeyboardEvent.obj"
         "Z:\Programming III\Assignment 3\Source\Windows\\Build Files\Debug\MouseEvent.obj"
         "Z:\Programming III\Assignment 3\Source\Windows\\Build Files\Debug\LevelEditor.obj"
         "Z:\Programming III\Assignment 3\Source\Windows\\Build Files\Debug\json_reader.obj"
         "Z:\Programming III\Assignment 3\Source\Windows\\Build Files\Debug\json_value.obj"
         "Z:\Programming III\Assignment 3\Source\Windows\\Build Files\Debug\json_writer.obj"
         "Z:\Programming III\Assignment 3\Source\Windows\\Build Files\Debug\png.obj"
         "Z:\Programming III\Assignment 3\Source\Windows\\Build Files\Debug\pngerror.obj"
         "Z:\Programming III\Assignment 3\Source\Windows\\Build Files\Debug\pngget.obj"
         "Z:\Programming III\Assignment 3\Source\Windows\\Build Files\Debug\pngmem.obj"
         "Z:\Programming III\Assignment 3\Source\Windows\\Build Files\Debug\pngpread.obj"
         "Z:\Programming III\Assignment 3\Source\Windows\\Build Files\Debug\pngread.obj"
         "Z:\Programming III\Assignment 3\Source\Windows\\Build Files\Debug\pngrio.obj"
         "Z:\Programming III\Assignment 3\Source\Windows\\Build Files\Debug\pngrtran.obj"
         "Z:\Programming III\Assignment 3\Source\Windows\\Build Files\Debug\pngrutil.obj"
         "Z:\Programming III\Assignment 3\Source\Windows\\Build Files\Debug\pngset.obj"
         "Z:\Programming III\Assignment 3\Source\Windows\\Build Files\Debug\pngtrans.obj"
         "Z:\Programming III\Assignment 3\Source\Windows\\Build Files\Debug\pngwio.obj"
         "Z:\Programming III\Assignment 3\Source\Windows\\Build Files\Debug\pngwrite.obj"
         "Z:\Programming III\Assignment 3\Source\Windows\\Build Files\Debug\pngwtran.obj"
         "Z:\Programming III\Assignment 3\Source\Windows\\Build Files\Debug\pngwutil.obj"
         "Z:\Programming III\Assignment 3\Source\Windows\\Build Files\Debug\adler32.obj"
         "Z:\Programming III\Assignment 3\Source\Windows\\Build Files\Debug\compress.obj"
         "Z:\Programming III\Assignment 3\Source\Windows\\Build Files\Debug\crc32.obj"
         "Z:\Programming III\Assignment 3\Source\Windows\\Build Files\Debug\deflate.obj"
         "Z:\Programming III\Assignment 3\Source\Windows\\Build Files\Debug\gzclose.obj"
         "Z:\Programming III\Assignment 3\Source\Windows\\Build Files\Debug\gzlib.obj"
         "Z:\Programming III\Assignment 3\Source\Windows\\Build Files\Debug\gzread.obj"
         "Z:\Programming III\Assignment 3\Source\Windows\\Build Files\Debug\gzwrite.obj"
         "Z:\Programming III\Assignment 3\Source\Windows\\Build Files\Debug\infback.obj"
         "Z:\Programming III\Assignment 3\Source\Windows\\Build Files\Debug\inffast.obj"
         "Z:\Programming III\Assignment 3\Source\Windows\\Build Files\Debug\inflate.obj"
         "Z:\Programming III\Assignment 3\Source\Windows\\Build Files\Debug\inftrees.obj"
         "Z:\Programming III\Assignment 3\Source\Windows\\Build Files\Debug\trees.obj"
         "Z:\Programming III\Assignment 3\Source\Windows\\Build Files\Debug\uncompr.obj"
         "Z:\Programming III\Assignment 3\Source\Windows\\Build Files\Debug\zutil.obj"
         "Z:\Programming III\Assignment 3\Source\Windows\\Build Files\Debug\GDRandom.obj"
         "Z:\Programming III\Assignment 3\Source\Windows\\Build Files\Debug\GDRandomSearch.obj"
         "Z:\Programming III\Assignment 3\Source\Windows\\Build Files\Debug\MainMenu.obj"
         "Z:\Programming III\Assignment 3\Source\Windows\\Build Files\Debug\Menu.obj"
         "Z:\Programming III\Assignment 3\Source\Windows\\Build Files\Debug\OpenGLAnimatedTexture.obj"
         "Z:\Programming III\Assignment 3\Source\Windows\\Build Files\Debug\OpenGLRenderer.obj"
         "Z:\Programming III\Assignment 3\Source\Windows\\Build Files\Debug\OpenGLTexture.obj"
         "Z:\Programming III\Assignment 3\Source\Windows\\Build Files\Debug\OpenGLTextureCache.obj"
         "Z:\Programming III\Assignment 3\Source\Windows\\Build Files\Debug\OpenGLTextureLoader.obj"
         "Z:\Programming III\Assignment 3\Source\Windows\\Build Files\Debug\OpenGLTextureManager.obj"
         "Z:\Programming III\Assignment 3\Source\Windows\\Build Files\Debug\SaveAndLoadMenu.obj"
         "Z:\Programming III\Assignment 3\Source\Windows\\Build Files\Debug\Screen.obj"
         "Z:\Programming III\Assignment 3\Source\Windows\\Build Files\Debug\ScreenManager.obj"
         "Z:\Programming III\Assignment 3\Source\Windows\\Build Files\Debug\UIButton.obj"
         "Z:\Programming III\Assignment 3\Source\Windows\\Build Files\Debug\UIFont.obj"
         "Z:\Programming III\Assignment 3\Source\Windows\\Build Files\Debug\UISideMenu.obj"
         "Z:\Programming III\Assignment 3\Source\Windows\\Build Files\Debug\UIToggle.obj"
         "Z:\Programming III\Assignment 3\Source\Windows\\Build Files\Debug\Logger.obj"
         "Z:\Programming III\Assignment 3\Source\Windows\\Build Files\Debug\MathUtils.obj"
         "Z:\Programming III\Assignment 3\Source\Windows\\Build Files\Debug\ResourceUtils.obj"
         "Z:\Programming III\Assignment 3\Source\Windows\\Build Files\Debug\Win32Constants.obj"
         "Z:\Programming III\Assignment 3\Source\Windows\\Build Files\Debug\Win32Game.obj"
         "Z:\Programming III\Assignment 3\Source\Windows\\Build Files\Debug\Main.obj"
         "Z:\Programming III\Assignment 3\Source\Windows\\Build Files\Debug\OpenGLWindow.obj"
       Manifest:
         C:\Program Files (x86)\Microsoft SDKs\Windows\v7.0A\bin\mt.exe /nologo /verbose /out:"Z:\Programming III\Assignment 3\Source\Windows\\Build Files\Debug\GAM-1514 Windows Game.exe.embed.manifest" /manifest "Z:\Programming III\Assignment 3\Source\Windows\\Build Files\Debug\GAM-1514 Windows Game.exe.intermediate.manifest"
         All outputs are up-to-date.
       LinkEmbedManifest:
         All outputs are up-to-date.
         GAM-1514 Windows Game.vcxproj -> Z:\Programming III\Assignment 3\Source\Windows\\Application\GAM-1514 Windows Game.exe
       FinalizeBuildStatus:
         Deleting file "Z:\Programming III\Assignment 3\Source\Windows\\Build Files\Debug\GAM-1514 Windows Game.unsuccessfulbuild".
         Touching "Z:\Programming III\Assignment 3\Source\Windows\\Build Files\Debug\GAM-1514 Windows Game.lastbuildstate".
     1>Done Building Project "Z:\Programming III\Assignment 3\Source\Windows\Windows Game\GAM-1514 Windows Game.vcxproj" (build target(s)).

Build succeeded.

Time Elapsed 00:00:07.97
